<?xml version="1.0" encoding="UTF-8"?>
<!-- Generated by org.testng.reporters.JUnitXMLReporter -->
<testsuite hostname="Admin-PC" ignored="0" name="firsttest" tests="3" failures="0" timestamp="2020-05-12T23:02:33 IST" time="279.858" errors="0">
  <testcase name="home" time="20.123" classname="test.HomeTestDataprovider"/>
  <testcase name="home" time="22.929" classname="test.HomeTestDataprovider"/>
  <testcase name="home" time="10.256" classname="test.HomeTestDataprovider"/>
</testsuite> <!-- firsttest -->
